
--- Post-Verify: uv_sync ---
Command: uv sync --frozen
Started At: 2026-07-12T06:49:03.124756Z
warning: `VIRTUAL_ENV=/Users/suzukiyousuke/repo/glintory/.venv` does not match the project environment path `.venv` and will be ignored; use `--active` to target the active environment instead
Using CPython 3.12.13
Creating virtual environment at: .venv
   Building glintory @ file:///Users/suzukiyousuke/repo/glintory/.temp_verify
      Built glintory @ file:///Users/suzukiyousuke/repo/glintory/.temp_verify
Prepared 1 package in 298ms
Installed 51 packages in 394ms
 + alembic==1.18.5
 + annotated-doc==0.0.4
 + annotated-types==0.7.0
 + anyio==4.14.1
 + attrs==26.1.0
 + certifi==2026.6.17
 + click==8.4.2
 + fastapi==0.139.0
 + feedparser==6.0.12
 + glintory==0.1.0 (from file:///Users/suzukiyousuke/repo/glintory/.temp_verify)
 + h11==0.16.0
 + httpcore==1.0.9
 + httptools==0.8.0
 + httpx==0.28.1
 + idna==3.18
 + iniconfig==2.3.0
 + jinja2==3.1.6
 + joblib==1.5.3
 + jsonschema==4.26.0
 + jsonschema-specifications==2025.9.1
 + mako==1.3.12
 + markupsafe==3.0.3
 + narwhals==2.23.0
 + nodeenv==1.10.0
 + numpy==2.5.1
 + packaging==26.2
 + pluggy==1.6.0
 + pydantic==2.13.4
 + pydantic-core==2.46.4
 + pydantic-settings==2.14.2
 + pygments==2.20.0
 + pyright==1.1.411
 + pytest==9.1.1
 + pytest-asyncio==1.4.0
 + python-dotenv==1.2.2
 + pyyaml==6.0.3
 + referencing==0.37.0
 + rpds-py==2026.6.3
 + ruff==0.15.20
 + scikit-learn==1.9.0
 + scipy==1.18.0
 + sgmllib3k==1.0.0
 + sqlalchemy==2.0.51
 + starlette==1.3.1
 + threadpoolctl==3.6.0
 + typing-extensions==4.16.0
 + typing-inspection==0.4.2
 + uvicorn==0.51.0
 + uvloop==0.22.1
 + watchfiles==1.2.0
 + websockets==16.1
Finished At: 2026-07-12T06:49:03.891811Z
Exit Code: 0

--- Post-Verify: migration ---
Command: uv run alembic upgrade head
Started At: 2026-07-12T06:49:03.891992Z
warning: `VIRTUAL_ENV=/Users/suzukiyousuke/repo/glintory/.venv` does not match the project environment path `.venv` and will be ignored; use `--active` to target the active environment instead
INFO  [alembic.runtime.migration] Context impl SQLiteImpl.
INFO  [alembic.runtime.migration] Will assume non-transactional DDL.
INFO  [alembic.runtime.migration] Running upgrade  -> cced3ad721f1, create_initial_schema
INFO  [alembic.runtime.migration] Running upgrade cced3ad721f1 -> 9de005508393, add_unique_constraint_to_signals
INFO  [alembic.runtime.migration] Running upgrade 9de005508393 -> da4fadf39e75, signals_fts
INFO  [alembic.runtime.migration] Running upgrade da4fadf39e75 -> 187355bd71bf, add_opportunity_clustering_fields
INFO  [alembic.runtime.migration] Running upgrade 187355bd71bf -> 857f65e5567e, add_opportunity_scoring_fields
INFO  [alembic.runtime.migration] Running upgrade 857f65e5567e -> 45dd6b740edc, add_opportunity_review_fields
INFO  [alembic.runtime.migration] Running upgrade 45dd6b740edc -> 7fa513398108, convert_clustered_to_clustering
INFO  [alembic.runtime.migration] Running upgrade 7fa513398108 -> d445f5753c74, add_source_ops_fields
INFO  [alembic.runtime.migration] Running upgrade d445f5753c74 -> e3a24bdd14a1, add_collection_runs_check_constraints
INFO  [alembic.runtime.migration] Running upgrade e3a24bdd14a1 -> b68c7eff7f71, add_scheduler_tables
INFO  [alembic.runtime.migration] Running upgrade b68c7eff7f71 -> f9af7cf71708, add_opportunity_enrichments
INFO  [alembic.runtime.migration] Running upgrade f9af7cf71708 -> dddafacb2e7a, add_opportunity_enrichment_localizations
INFO  [alembic.runtime.migration] Running upgrade dddafacb2e7a -> 9d9d5e869311, add_budget_error_code
INFO  [alembic.runtime.migration] Running upgrade 9d9d5e869311 -> ef99f3858ac3, add_runtime_audit_fields
INFO  [alembic.runtime.migration] Running upgrade ef99f3858ac3 -> 83bcf9995780, add_v2_quality_and_localization_fields
INFO  [alembic.runtime.migration] Running upgrade 83bcf9995780 -> e04f3b756c75, add_gate_fields
INFO  [alembic.runtime.migration] Running upgrade e04f3b756c75 -> 11ed027cca91, add_publication_contract_and_runs
Finished At: 2026-07-12T06:49:09.424562Z
Exit Code: 0

--- Post-Verify: pytest ---
Command: uv run pytest
Started At: 2026-07-12T06:49:09.424849Z
warning: `VIRTUAL_ENV=/Users/suzukiyousuke/repo/glintory/.venv` does not match the project environment path `.venv` and will be ignored; use `--active` to target the active environment instead
============================= test session starts ==============================
platform darwin -- Python 3.12.13, pytest-9.1.1, pluggy-1.6.0
rootdir: /Users/suzukiyousuke/repo/glintory/.temp_verify
configfile: pyproject.toml
plugins: anyio-4.14.1, asyncio-1.4.0
asyncio: mode=Mode.STRICT, debug=False, asyncio_default_fixture_loop_scope=None, asyncio_default_test_loop_scope=function
collected 448 items

tests/cli/test_cli.py .................................                  [  7%]
tests/cli/test_scheduler_cli.py .....                                    [  8%]
tests/collectors/test_github.py ..............                           [ 11%]
tests/collectors/test_hackernews.py .......                              [ 13%]
tests/collectors/test_registry.py .....                                  [ 14%]
tests/collectors/test_rss.py .........                                   [ 16%]
tests/infrastructure/test_error_sanitizer.py .......                     [ 17%]
tests/infrastructure/test_fts.py ..                                      [ 18%]
tests/infrastructure/test_http.py ...............                        [ 21%]
tests/infrastructure/test_repositories.py ..........                     [ 23%]
tests/infrastructure/test_scheduler_lease.py ..                          [ 24%]
tests/infrastructure/test_signal_repository.py ......                    [ 25%]
tests/infrastructure/test_signal_search.py ...                           [ 26%]
tests/integration/test_fts_integration.py .                              [ 26%]
tests/integration/test_github_integration.py ...                         [ 27%]
tests/integration/test_hn_persistence.py ..                              [ 27%]
tests/integration/test_main.py ...                                       [ 28%]
tests/integration/test_rss_persistence.py .....                          [ 29%]
tests/services/test_case_k_static_publishing.py .                        [ 29%]
tests/services/test_collection.py ...................                    [ 33%]
tests/services/test_collection_recovery.py ..                            [ 34%]
tests/services/test_conformance.py ......                                [ 35%]
tests/services/test_content_hashing.py ..                                [ 36%]
tests/services/test_gate_v3_cases.py ..........                          [ 38%]
tests/services/test_hn_classification.py ..                              [ 38%]
tests/services/test_hn_normalization.py ..                               [ 39%]
tests/services/test_html_to_text.py ..........                           [ 41%]
tests/services/test_issue11_correctness.py .....................         [ 46%]
tests/services/test_issue9c.py ......................................... [ 55%]
...................                                                      [ 59%]
tests/services/test_json_safety.py .....                                 [ 60%]
tests/services/test_normalization.py ...                                 [ 61%]
tests/services/test_nplusone.py .                                        [ 61%]
tests/services/test_opportunity_clustering.py ....                       [ 62%]
tests/services/test_opportunity_enrichment.py ...............            [ 65%]
tests/services/test_opportunity_review.py .......                        [ 67%]
tests/services/test_opportunity_scoring.py ...                           [ 68%]
tests/services/test_schedule_calculation.py ....                         [ 68%]
tests/services/test_schedule_management.py ...                           [ 69%]
tests/services/test_scheduler_runner.py ...                              [ 70%]
tests/services/test_scheduler_service.py ......                          [ 71%]
tests/services/test_search_query.py .......                              [ 73%]
tests/services/test_signal_classification.py ........                    [ 75%]
tests/services/test_signal_ingestion.py .....                            [ 76%]
tests/services/test_text_normalization.py .....                          [ 77%]
tests/services/test_url_normalization.py .............                   [ 80%]
tests/test_config.py ..                                                  [ 80%]
tests/test_constraints.py ............                                   [ 83%]
tests/test_create_submission.py .......                                  [ 84%]
tests/test_entrypoint.py ...                                             [ 85%]
tests/test_migration.py .                                                [ 85%]
tests/test_migration_ops.py ...                                          [ 86%]
tests/test_public_contract.py ...........................                [ 92%]
tests/test_readiness.py ..                                               [ 92%]
tests/web/test_api_signals.py ...                                        [ 93%]
tests/web/test_forms_csrf.py ......                                      [ 94%]
tests/web/test_opportunities_web.py .......                              [ 96%]
tests/web/test_routes_signals.py .....                                   [ 97%]
tests/web/test_scheduler_web.py ...                                      [ 98%]
tests/web/test_sources_web.py ........                                   [100%]

======================= 448 passed in 123.86s (0:02:03) ========================
Finished At: 2026-07-12T06:51:19.117690Z
Exit Code: 0

--- Post-Verify: seed_fixture ---
Command: uv run python scripts/insert_fixture_db.py
Started At: 2026-07-12T06:51:19.118334Z
warning: `VIRTUAL_ENV=/Users/suzukiyousuke/repo/glintory/.venv` does not match the project environment path `.venv` and will be ignored; use `--active` to target the active environment instead
Initializing fixture DB at: sqlite:////Users/suzukiyousuke/repo/glintory/.temp_verify/glintory_fixture.db
Deterministic fixture data successfully inserted.
Finished At: 2026-07-12T06:51:20.859540Z
Exit Code: 0

--- Post-Verify: validate-contract ---
Command: uv run glintory publish validate-contract --dir dist
Started At: 2026-07-12T06:51:20.860219Z
warning: `VIRTUAL_ENV=/Users/suzukiyousuke/repo/glintory/.venv` does not match the project environment path `.venv` and will be ignored; use `--active` to target the active environment instead
2026-07-12 15:51:22,476 - alembic.runtime.migration - INFO - Context impl SQLiteImpl.
2026-07-12 15:51:22,476 - alembic.runtime.migration - INFO - Will assume non-transactional DDL.
Public Data Contract v1 validation passed.
Finished At: 2026-07-12T06:51:22.843443Z
Exit Code: 0

--- Post-Verify: inspect-jurypress-feed ---
Command: uv run glintory publish inspect-jurypress-feed --dir dist
Started At: 2026-07-12T06:51:22.844050Z
warning: `VIRTUAL_ENV=/Users/suzukiyousuke/repo/glintory/.venv` does not match the project environment path `.venv` and will be ignored; use `--active` to target the active environment instead
2026-07-12 15:51:24,608 - alembic.runtime.migration - INFO - Context impl SQLiteImpl.
2026-07-12 15:51:24,609 - alembic.runtime.migration - INFO - Will assume non-transactional DDL.
=== JuryPress Ready Opportunities ===
- [opp_f1111111111111111111111111111111] 検証用案件 (Score: 85, Confidence: high)

=== Excluded Opportunities ===
Finished At: 2026-07-12T06:51:24.807022Z
Exit Code: 0
